<?xml version="1.0" encoding="UTF-8"?>
<testsuite name="com.siming.demo.service.UserServiceTest" tests="2" skipped="0" failures="0" errors="0" timestamp="2023-02-25T16:08:15" hostname="Simings-MacBook-Pro.local" time="0.116">
  <properties/>
  <testcase name="registerUser()" classname="com.siming.demo.service.UserServiceTest" time="0.105"/>
  <testcase name="registerExistUser()" classname="com.siming.demo.service.UserServiceTest" time="0.01"/>
  <system-out><![CDATA[2023-02-26 00:08:15.305  INFO 86263 --- [    Test worker] .b.t.c.SpringBootTestContextBootstrapper : Neither @ContextConfiguration nor @ContextHierarchy found for test class [com.siming.demo.service.UserServiceTest], using SpringBootContextLoader
2023-02-26 00:08:15.305  INFO 86263 --- [    Test worker] o.s.t.c.support.AbstractContextLoader    : Could not detect default resource locations for test class [com.siming.demo.service.UserServiceTest]: no resource found for suffixes {-context.xml, Context.groovy}.
2023-02-26 00:08:15.305  INFO 86263 --- [    Test worker] t.c.s.AnnotationConfigContextLoaderUtils : Could not detect default configuration classes for test class [com.siming.demo.service.UserServiceTest]: UserServiceTest does not declare any static, non-private, non-final, nested classes annotated with @Configuration.
2023-02-26 00:08:15.305  INFO 86263 --- [    Test worker] .b.t.c.SpringBootTestContextBootstrapper : Found @SpringBootConfiguration com.siming.demo.RentalCarApplication for test class com.siming.demo.service.UserServiceTest
2023-02-26 00:08:15.306  INFO 86263 --- [    Test worker] .b.t.c.SpringBootTestContextBootstrapper : Loaded default TestExecutionListener class names from location [META-INF/spring.factories]: [org.springframework.boot.test.autoconfigure.restdocs.RestDocsTestExecutionListener, org.springframework.boot.test.autoconfigure.web.client.MockRestServiceServerResetTestExecutionListener, org.springframework.boot.test.autoconfigure.web.servlet.MockMvcPrintOnlyOnFailureTestExecutionListener, org.springframework.boot.test.autoconfigure.web.servlet.WebDriverTestExecutionListener, org.springframework.boot.test.autoconfigure.webservices.client.MockWebServiceServerTestExecutionListener, org.springframework.boot.test.mock.mockito.MockitoTestExecutionListener, org.springframework.boot.test.mock.mockito.ResetMocksTestExecutionListener, org.springframework.test.context.web.ServletTestExecutionListener, org.springframework.test.context.support.DirtiesContextBeforeModesTestExecutionListener, org.springframework.test.context.event.ApplicationEventsTestExecutionListener, org.springframework.test.context.support.DependencyInjectionTestExecutionListener, org.springframework.test.context.support.DirtiesContextTestExecutionListener, org.springframework.test.context.transaction.TransactionalTestExecutionListener, org.springframework.test.context.jdbc.SqlScriptsTestExecutionListener, org.springframework.test.context.event.EventPublishingTestExecutionListener]
2023-02-26 00:08:15.306  INFO 86263 --- [    Test worker] .b.t.c.SpringBootTestContextBootstrapper : Using TestExecutionListeners: [org.springframework.test.context.web.ServletTestExecutionListener@28b8c4b1, org.springframework.test.context.support.DirtiesContextBeforeModesTestExecutionListener@370fd959, org.springframework.test.context.event.ApplicationEventsTestExecutionListener@54ee31ff, org.springframework.boot.test.mock.mockito.MockitoTestExecutionListener@312bcb28, org.springframework.boot.test.autoconfigure.SpringBootDependencyInjectionTestExecutionListener@5f581cf0, org.springframework.test.context.support.DirtiesContextTestExecutionListener@16d4d353, org.springframework.test.context.transaction.TransactionalTestExecutionListener@331069bf, org.springframework.test.context.jdbc.SqlScriptsTestExecutionListener@5c0d967e, org.springframework.test.context.event.EventPublishingTestExecutionListener@43adbe93, org.springframework.boot.test.autoconfigure.restdocs.RestDocsTestExecutionListener@73d3b3fe, org.springframework.boot.test.autoconfigure.web.client.MockRestServiceServerResetTestExecutionListener@433e71aa, org.springframework.boot.test.autoconfigure.web.servlet.MockMvcPrintOnlyOnFailureTestExecutionListener@73b0b1d5, org.springframework.boot.test.autoconfigure.web.servlet.WebDriverTestExecutionListener@5dc7d016, org.springframework.boot.test.autoconfigure.webservices.client.MockWebServiceServerTestExecutionListener@3365c413, org.springframework.boot.test.mock.mockito.ResetMocksTestExecutionListener@3e650f4]
2023-02-26 00:08:15.308  INFO 86263 --- [    Test worker] o.s.t.c.transaction.TransactionContext   : Began transaction (1) for test context [DefaultTestContext@b525509 testClass = UserServiceTest, testInstance = com.siming.demo.service.UserServiceTest@3a02d567, testMethod = registerUser@UserServiceTest, testException = [null], mergedContextConfiguration = [WebMergedContextConfiguration@3c108134 testClass = UserServiceTest, locations = '{}', classes = '{class com.siming.demo.RentalCarApplication}', contextInitializerClasses = '[]', activeProfiles = '{}', propertySourceLocations = '{}', propertySourceProperties = '{org.springframework.boot.test.context.SpringBootTestContextBootstrapper=true}', contextCustomizers = set[org.springframework.boot.test.autoconfigure.actuate.metrics.MetricsExportContextCustomizerFactory$DisableMetricExportContextCustomizer@66153688, org.springframework.boot.test.autoconfigure.properties.PropertyMappingContextCustomizer@0, org.springframework.boot.test.autoconfigure.web.servlet.WebDriverContextCustomizerFactory$Customizer@6ff415ad, org.springframework.boot.test.context.filter.ExcludeFilterContextCustomizer@15e0fe05, org.springframework.boot.test.json.DuplicateJsonObjectContextCustomizerFactory$DuplicateJsonObjectContextCustomizer@5d1b9c3d, org.springframework.boot.test.mock.mockito.MockitoContextCustomizer@0, org.springframework.boot.test.web.client.TestRestTemplateContextCustomizer@6d2dc9d2, org.springframework.boot.test.context.SpringBootTestArgs@1, org.springframework.boot.test.context.SpringBootTestWebEnvironment@2c3dec30], resourceBasePath = 'src/main/webapp', contextLoader = 'org.springframework.boot.test.context.SpringBootContextLoader', parent = [null]], attributes = map['org.springframework.test.context.web.ServletTestExecutionListener.activateListener' -> true, 'org.springframework.test.context.web.ServletTestExecutionListener.populatedRequestContextHolder' -> true, 'org.springframework.test.context.web.ServletTestExecutionListener.resetRequestContextHolder' -> true, 'org.springframework.test.context.event.ApplicationEventsTestExecutionListener.recordApplicationEvents' -> false]]; transaction manager [org.springframework.jdbc.support.JdbcTransactionManager@1b0cefc8]; rollback [true]
Creating a new SqlSession
Registering transaction synchronization for SqlSession [org.apache.ibatis.session.defaults.DefaultSqlSession@505942aa]
JDBC Connection [HikariProxyConnection@1801715006 wrapping com.mysql.cj.jdbc.ConnectionImpl@41d72593] will be managed by Spring
==>  Preparing: SELECT COUNT( * ) FROM user WHERE (name = ?)
==> Parameters: b402d774-4133-4466-906a-c827555acca5(String)
<==    Columns: COUNT( * )
<==        Row: 0
<==      Total: 1
Releasing transactional SqlSession [org.apache.ibatis.session.defaults.DefaultSqlSession@505942aa]
Fetched SqlSession [org.apache.ibatis.session.defaults.DefaultSqlSession@505942aa] from current transaction
==>  Preparing: INSERT INTO user ( name ) VALUES ( ? )
==> Parameters: b402d774-4133-4466-906a-c827555acca5(String)
<==    Updates: 1
Releasing transactional SqlSession [org.apache.ibatis.session.defaults.DefaultSqlSession@505942aa]
Fetched SqlSession [org.apache.ibatis.session.defaults.DefaultSqlSession@505942aa] from current transaction
==>  Preparing: SELECT id,name,create_time,update_time FROM user WHERE (name = ?)
==> Parameters: b402d774-4133-4466-906a-c827555acca5(String)
<==    Columns: id, name, create_time, update_time
<==        Row: 26, b402d774-4133-4466-906a-c827555acca5, 2023-02-26 00:08:15, null
<==      Total: 1
Releasing transactional SqlSession [org.apache.ibatis.session.defaults.DefaultSqlSession@505942aa]
Transaction synchronization deregistering SqlSession [org.apache.ibatis.session.defaults.DefaultSqlSession@505942aa]
Transaction synchronization closing SqlSession [org.apache.ibatis.session.defaults.DefaultSqlSession@505942aa]
2023-02-26 00:08:15.412  INFO 86263 --- [    Test worker] o.s.t.c.transaction.TransactionContext   : Rolled back transaction for test: [DefaultTestContext@b525509 testClass = UserServiceTest, testInstance = com.siming.demo.service.UserServiceTest@3a02d567, testMethod = registerUser@UserServiceTest, testException = [null], mergedContextConfiguration = [WebMergedContextConfiguration@3c108134 testClass = UserServiceTest, locations = '{}', classes = '{class com.siming.demo.RentalCarApplication}', contextInitializerClasses = '[]', activeProfiles = '{}', propertySourceLocations = '{}', propertySourceProperties = '{org.springframework.boot.test.context.SpringBootTestContextBootstrapper=true}', contextCustomizers = set[org.springframework.boot.test.autoconfigure.actuate.metrics.MetricsExportContextCustomizerFactory$DisableMetricExportContextCustomizer@66153688, org.springframework.boot.test.autoconfigure.properties.PropertyMappingContextCustomizer@0, org.springframework.boot.test.autoconfigure.web.servlet.WebDriverContextCustomizerFactory$Customizer@6ff415ad, org.springframework.boot.test.context.filter.ExcludeFilterContextCustomizer@15e0fe05, org.springframework.boot.test.json.DuplicateJsonObjectContextCustomizerFactory$DuplicateJsonObjectContextCustomizer@5d1b9c3d, org.springframework.boot.test.mock.mockito.MockitoContextCustomizer@0, org.springframework.boot.test.web.client.TestRestTemplateContextCustomizer@6d2dc9d2, org.springframework.boot.test.context.SpringBootTestArgs@1, org.springframework.boot.test.context.SpringBootTestWebEnvironment@2c3dec30], resourceBasePath = 'src/main/webapp', contextLoader = 'org.springframework.boot.test.context.SpringBootContextLoader', parent = [null]], attributes = map['org.springframework.test.context.web.ServletTestExecutionListener.activateListener' -> true, 'org.springframework.test.context.web.ServletTestExecutionListener.populatedRequestContextHolder' -> true, 'org.springframework.test.context.web.ServletTestExecutionListener.resetRequestContextHolder' -> true, 'org.springframework.test.context.event.ApplicationEventsTestExecutionListener.recordApplicationEvents' -> false]]
2023-02-26 00:08:15.414  INFO 86263 --- [    Test worker] o.s.t.c.transaction.TransactionContext   : Began transaction (1) for test context [DefaultTestContext@b525509 testClass = UserServiceTest, testInstance = com.siming.demo.service.UserServiceTest@651d2d15, testMethod = registerExistUser@UserServiceTest, testException = [null], mergedContextConfiguration = [WebMergedContextConfiguration@3c108134 testClass = UserServiceTest, locations = '{}', classes = '{class com.siming.demo.RentalCarApplication}', contextInitializerClasses = '[]', activeProfiles = '{}', propertySourceLocations = '{}', propertySourceProperties = '{org.springframework.boot.test.context.SpringBootTestContextBootstrapper=true}', contextCustomizers = set[org.springframework.boot.test.autoconfigure.actuate.metrics.MetricsExportContextCustomizerFactory$DisableMetricExportContextCustomizer@66153688, org.springframework.boot.test.autoconfigure.properties.PropertyMappingContextCustomizer@0, org.springframework.boot.test.autoconfigure.web.servlet.WebDriverContextCustomizerFactory$Customizer@6ff415ad, org.springframework.boot.test.context.filter.ExcludeFilterContextCustomizer@15e0fe05, org.springframework.boot.test.json.DuplicateJsonObjectContextCustomizerFactory$DuplicateJsonObjectContextCustomizer@5d1b9c3d, org.springframework.boot.test.mock.mockito.MockitoContextCustomizer@0, org.springframework.boot.test.web.client.TestRestTemplateContextCustomizer@6d2dc9d2, org.springframework.boot.test.context.SpringBootTestArgs@1, org.springframework.boot.test.context.SpringBootTestWebEnvironment@2c3dec30], resourceBasePath = 'src/main/webapp', contextLoader = 'org.springframework.boot.test.context.SpringBootContextLoader', parent = [null]], attributes = map['org.springframework.test.context.web.ServletTestExecutionListener.activateListener' -> true, 'org.springframework.test.context.web.ServletTestExecutionListener.populatedRequestContextHolder' -> true, 'org.springframework.test.context.web.ServletTestExecutionListener.resetRequestContextHolder' -> true, 'org.springframework.test.context.event.ApplicationEventsTestExecutionListener.recordApplicationEvents' -> false]]; transaction manager [org.springframework.jdbc.support.JdbcTransactionManager@1b0cefc8]; rollback [true]
Creating a new SqlSession
Registering transaction synchronization for SqlSession [org.apache.ibatis.session.defaults.DefaultSqlSession@34ec84e]
JDBC Connection [HikariProxyConnection@361184000 wrapping com.mysql.cj.jdbc.ConnectionImpl@41d72593] will be managed by Spring
==>  Preparing: INSERT INTO user ( name ) VALUES ( ? )
==> Parameters: 07ced0bc-8b5e-4b0c-81f3-6303b6680030(String)
<==    Updates: 1
Releasing transactional SqlSession [org.apache.ibatis.session.defaults.DefaultSqlSession@34ec84e]
Fetched SqlSession [org.apache.ibatis.session.defaults.DefaultSqlSession@34ec84e] from current transaction
==>  Preparing: SELECT COUNT( * ) FROM user WHERE (name = ?)
==> Parameters: 07ced0bc-8b5e-4b0c-81f3-6303b6680030(String)
<==    Columns: COUNT( * )
<==        Row: 1
<==      Total: 1
Releasing transactional SqlSession [org.apache.ibatis.session.defaults.DefaultSqlSession@34ec84e]
Transaction synchronization deregistering SqlSession [org.apache.ibatis.session.defaults.DefaultSqlSession@34ec84e]
Transaction synchronization closing SqlSession [org.apache.ibatis.session.defaults.DefaultSqlSession@34ec84e]
2023-02-26 00:08:15.423  INFO 86263 --- [    Test worker] o.s.t.c.transaction.TransactionContext   : Rolled back transaction for test: [DefaultTestContext@b525509 testClass = UserServiceTest, testInstance = com.siming.demo.service.UserServiceTest@651d2d15, testMethod = registerExistUser@UserServiceTest, testException = [null], mergedContextConfiguration = [WebMergedContextConfiguration@3c108134 testClass = UserServiceTest, locations = '{}', classes = '{class com.siming.demo.RentalCarApplication}', contextInitializerClasses = '[]', activeProfiles = '{}', propertySourceLocations = '{}', propertySourceProperties = '{org.springframework.boot.test.context.SpringBootTestContextBootstrapper=true}', contextCustomizers = set[org.springframework.boot.test.autoconfigure.actuate.metrics.MetricsExportContextCustomizerFactory$DisableMetricExportContextCustomizer@66153688, org.springframework.boot.test.autoconfigure.properties.PropertyMappingContextCustomizer@0, org.springframework.boot.test.autoconfigure.web.servlet.WebDriverContextCustomizerFactory$Customizer@6ff415ad, org.springframework.boot.test.context.filter.ExcludeFilterContextCustomizer@15e0fe05, org.springframework.boot.test.json.DuplicateJsonObjectContextCustomizerFactory$DuplicateJsonObjectContextCustomizer@5d1b9c3d, org.springframework.boot.test.mock.mockito.MockitoContextCustomizer@0, org.springframework.boot.test.web.client.TestRestTemplateContextCustomizer@6d2dc9d2, org.springframework.boot.test.context.SpringBootTestArgs@1, org.springframework.boot.test.context.SpringBootTestWebEnvironment@2c3dec30], resourceBasePath = 'src/main/webapp', contextLoader = 'org.springframework.boot.test.context.SpringBootContextLoader', parent = [null]], attributes = map['org.springframework.test.context.web.ServletTestExecutionListener.activateListener' -> true, 'org.springframework.test.context.web.ServletTestExecutionListener.populatedRequestContextHolder' -> true, 'org.springframework.test.context.web.ServletTestExecutionListener.resetRequestContextHolder' -> true, 'org.springframework.test.context.event.ApplicationEventsTestExecutionListener.recordApplicationEvents' -> false]]
]]></system-out>
  <system-err><![CDATA[]]></system-err>
</testsuite>
