<?xml version="1.0" encoding="UTF-8"?>
<testsuite name="com.siming.demo.service.BookingServiceTest" tests="5" skipped="0" failures="0" errors="0" timestamp="2023-02-25T16:08:14" hostname="Simings-MacBook-Pro.local" time="0.702">
  <properties/>
  <testcase name="[1] val1=3, val2=10, val3=4, val4=11" classname="com.siming.demo.service.BookingServiceTest" time="0.642"/>
  <testcase name="[2] val1=3, val2=10, val3=4, val4=9" classname="com.siming.demo.service.BookingServiceTest" time="0.014"/>
  <testcase name="[3] val1=3, val2=10, val3=2, val4=5" classname="com.siming.demo.service.BookingServiceTest" time="0.012"/>
  <testcase name="bookingCar()" classname="com.siming.demo.service.BookingServiceTest" time="0.013"/>
  <testcase name="bookingCarSuccess()" classname="com.siming.demo.service.BookingServiceTest" time="0.017"/>
  <system-out><![CDATA[00:08:11.841 [Test worker] DEBUG org.springframework.test.context.BootstrapUtils - Instantiating CacheAwareContextLoaderDelegate from class [org.springframework.test.context.cache.DefaultCacheAwareContextLoaderDelegate]
00:08:11.849 [Test worker] DEBUG org.springframework.test.context.BootstrapUtils - Instantiating BootstrapContext using constructor [public org.springframework.test.context.support.DefaultBootstrapContext(java.lang.Class,org.springframework.test.context.CacheAwareContextLoaderDelegate)]
00:08:11.875 [Test worker] DEBUG org.springframework.test.context.BootstrapUtils - Instantiating TestContextBootstrapper for test class [com.siming.demo.service.BookingServiceTest] from class [org.springframework.boot.test.context.SpringBootTestContextBootstrapper]
00:08:11.880 [Test worker] INFO org.springframework.boot.test.context.SpringBootTestContextBootstrapper - Neither @ContextConfiguration nor @ContextHierarchy found for test class [com.siming.demo.service.BookingServiceTest], using SpringBootContextLoader
00:08:11.883 [Test worker] DEBUG org.springframework.test.context.support.AbstractContextLoader - Did not detect default resource location for test class [com.siming.demo.service.BookingServiceTest]: class path resource [com/siming/demo/service/BookingServiceTest-context.xml] does not exist
00:08:11.883 [Test worker] DEBUG org.springframework.test.context.support.AbstractContextLoader - Did not detect default resource location for test class [com.siming.demo.service.BookingServiceTest]: class path resource [com/siming/demo/service/BookingServiceTestContext.groovy] does not exist
00:08:11.883 [Test worker] INFO org.springframework.test.context.support.AbstractContextLoader - Could not detect default resource locations for test class [com.siming.demo.service.BookingServiceTest]: no resource found for suffixes {-context.xml, Context.groovy}.
00:08:11.884 [Test worker] INFO org.springframework.test.context.support.AnnotationConfigContextLoaderUtils - Could not detect default configuration classes for test class [com.siming.demo.service.BookingServiceTest]: BookingServiceTest does not declare any static, non-private, non-final, nested classes annotated with @Configuration.
00:08:11.914 [Test worker] DEBUG org.springframework.test.context.support.ActiveProfilesUtils - Could not find an 'annotation declaring class' for annotation type [org.springframework.test.context.ActiveProfiles] and class [com.siming.demo.service.BookingServiceTest]
00:08:11.960 [Test worker] DEBUG org.springframework.context.annotation.ClassPathScanningCandidateComponentProvider - Identified candidate component class: file [/Users/ming/Documents/github/car-rental/build/classes/java/main/com/siming/demo/RentalCarApplication.class]
00:08:11.960 [Test worker] INFO org.springframework.boot.test.context.SpringBootTestContextBootstrapper - Found @SpringBootConfiguration com.siming.demo.RentalCarApplication for test class com.siming.demo.service.BookingServiceTest
00:08:12.016 [Test worker] DEBUG org.springframework.boot.test.context.SpringBootTestContextBootstrapper - @TestExecutionListeners is not present for class [com.siming.demo.service.BookingServiceTest]: using defaults.
00:08:12.016 [Test worker] INFO org.springframework.boot.test.context.SpringBootTestContextBootstrapper - Loaded default TestExecutionListener class names from location [META-INF/spring.factories]: [org.springframework.boot.test.autoconfigure.restdocs.RestDocsTestExecutionListener, org.springframework.boot.test.autoconfigure.web.client.MockRestServiceServerResetTestExecutionListener, org.springframework.boot.test.autoconfigure.web.servlet.MockMvcPrintOnlyOnFailureTestExecutionListener, org.springframework.boot.test.autoconfigure.web.servlet.WebDriverTestExecutionListener, org.springframework.boot.test.autoconfigure.webservices.client.MockWebServiceServerTestExecutionListener, org.springframework.boot.test.mock.mockito.MockitoTestExecutionListener, org.springframework.boot.test.mock.mockito.ResetMocksTestExecutionListener, org.springframework.test.context.web.ServletTestExecutionListener, org.springframework.test.context.support.DirtiesContextBeforeModesTestExecutionListener, org.springframework.test.context.event.ApplicationEventsTestExecutionListener, org.springframework.test.context.support.DependencyInjectionTestExecutionListener, org.springframework.test.context.support.DirtiesContextTestExecutionListener, org.springframework.test.context.transaction.TransactionalTestExecutionListener, org.springframework.test.context.jdbc.SqlScriptsTestExecutionListener, org.springframework.test.context.event.EventPublishingTestExecutionListener]
00:08:12.028 [Test worker] INFO org.springframework.boot.test.context.SpringBootTestContextBootstrapper - Using TestExecutionListeners: [org.springframework.test.context.web.ServletTestExecutionListener@2e7157c7, org.springframework.test.context.support.DirtiesContextBeforeModesTestExecutionListener@2a43e0ac, org.springframework.test.context.event.ApplicationEventsTestExecutionListener@22d9bc14, org.springframework.boot.test.mock.mockito.MockitoTestExecutionListener@346f41a9, org.springframework.boot.test.autoconfigure.SpringBootDependencyInjectionTestExecutionListener@1084f78c, org.springframework.test.context.support.DirtiesContextTestExecutionListener@25f723b0, org.springframework.test.context.transaction.TransactionalTestExecutionListener@4aa11206, org.springframework.test.context.jdbc.SqlScriptsTestExecutionListener@40d60f2, org.springframework.test.context.event.EventPublishingTestExecutionListener@3382cf68, org.springframework.boot.test.autoconfigure.restdocs.RestDocsTestExecutionListener@2f74900b, org.springframework.boot.test.autoconfigure.web.client.MockRestServiceServerResetTestExecutionListener@6d8796c1, org.springframework.boot.test.autoconfigure.web.servlet.MockMvcPrintOnlyOnFailureTestExecutionListener@2e26173, org.springframework.boot.test.autoconfigure.web.servlet.WebDriverTestExecutionListener@27be17c8, org.springframework.boot.test.autoconfigure.webservices.client.MockWebServiceServerTestExecutionListener@2c413ffc, org.springframework.boot.test.mock.mockito.ResetMocksTestExecutionListener@7d21852b]
00:08:12.030 [Test worker] DEBUG org.springframework.test.context.support.AbstractDirtiesContextTestExecutionListener - Before test class: context [DefaultTestContext@2721044 testClass = BookingServiceTest, testInstance = [null], testMethod = [null], testException = [null], mergedContextConfiguration = [WebMergedContextConfiguration@205df5dc testClass = BookingServiceTest, locations = '{}', classes = '{class com.siming.demo.RentalCarApplication}', contextInitializerClasses = '[]', activeProfiles = '{}', propertySourceLocations = '{}', propertySourceProperties = '{org.springframework.boot.test.context.SpringBootTestContextBootstrapper=true}', contextCustomizers = set[org.springframework.boot.test.autoconfigure.actuate.metrics.MetricsExportContextCustomizerFactory$DisableMetricExportContextCustomizer@66153688, org.springframework.boot.test.autoconfigure.properties.PropertyMappingContextCustomizer@0, org.springframework.boot.test.autoconfigure.web.servlet.WebDriverContextCustomizerFactory$Customizer@6ff415ad, org.springframework.boot.test.context.filter.ExcludeFilterContextCustomizer@15e0fe05, org.springframework.boot.test.json.DuplicateJsonObjectContextCustomizerFactory$DuplicateJsonObjectContextCustomizer@5d1b9c3d, org.springframework.boot.test.mock.mockito.MockitoContextCustomizer@0, org.springframework.boot.test.web.client.TestRestTemplateContextCustomizer@6d2dc9d2, org.springframework.boot.test.context.SpringBootTestArgs@1, org.springframework.boot.test.context.SpringBootTestWebEnvironment@2c3dec30], resourceBasePath = 'src/main/webapp', contextLoader = 'org.springframework.boot.test.context.SpringBootContextLoader', parent = [null]], attributes = map['org.springframework.test.context.web.ServletTestExecutionListener.activateListener' -> true]], class annotated with @DirtiesContext [false] with mode [null].

  .   ____          _            __ _ _
 /\\ / ___'_ __ _ _(_)_ __  __ _ \ \ \ \
( ( )\___ | '_ | '_| | '_ \/ _` | \ \ \ \
 \\/  ___)| |_)| | | | | || (_| |  ) ) ) )
  '  |____| .__|_| |_|_| |_\__, | / / / /
 =========|_|==============|___/=/_/_/_/
 :: Spring Boot ::                (v2.7.0)

2023-02-26 00:08:12.236  INFO 86263 --- [    Test worker] c.s.demo.service.BookingServiceTest      : Starting BookingServiceTest using Java 19.0.2 on Simings-MacBook-Pro.local with PID 86263 (started by ming in /Users/ming/Documents/github/car-rental)
2023-02-26 00:08:12.237  INFO 86263 --- [    Test worker] c.s.demo.service.BookingServiceTest      : No active profile set, falling back to 1 default profile: "default"
Logging initialized using 'class org.apache.ibatis.logging.stdout.StdOutImpl' adapter.
Registered plugin: 'com.baomidou.mybatisplus.extension.plugins.MybatisPlusInterceptor@437a4e61'
Parsed mapper file: 'file [/Users/ming/Documents/github/car-rental/build/resources/main/mapper/BookingMapper.xml]'
Parsed mapper file: 'file [/Users/ming/Documents/github/car-rental/build/resources/main/mapper/CarMapper.xml]'
Parsed mapper file: 'file [/Users/ming/Documents/github/car-rental/build/resources/main/mapper/UserMapper.xml]'
 _ _   |_  _ _|_. ___ _ |    _ 
| | |\/|_)(_| | |_\  |_)||_|_\ 
     /               |         
                        3.5.2 
2023-02-26 00:08:14.386  INFO 86263 --- [    Test worker] o.s.b.a.e.web.EndpointLinksResolver      : Exposing 1 endpoint(s) beneath base path '/actuator'
2023-02-26 00:08:14.413  INFO 86263 --- [    Test worker] c.s.demo.service.BookingServiceTest      : Started BookingServiceTest in 2.33 seconds (JVM running for 3.162)
2023-02-26 00:08:14.463  INFO 86263 --- [    Test worker] com.zaxxer.hikari.HikariDataSource       : HikariPool-1 - Starting...
2023-02-26 00:08:14.698  INFO 86263 --- [    Test worker] com.zaxxer.hikari.HikariDataSource       : HikariPool-1 - Start completed.
2023-02-26 00:08:14.704  INFO 86263 --- [    Test worker] o.s.t.c.transaction.TransactionContext   : Began transaction (1) for test context [DefaultTestContext@2721044 testClass = BookingServiceTest, testInstance = com.siming.demo.service.BookingServiceTest@613da64b, testMethod = bookingCarFail@BookingServiceTest, testException = [null], mergedContextConfiguration = [WebMergedContextConfiguration@205df5dc testClass = BookingServiceTest, locations = '{}', classes = '{class com.siming.demo.RentalCarApplication}', contextInitializerClasses = '[]', activeProfiles = '{}', propertySourceLocations = '{}', propertySourceProperties = '{org.springframework.boot.test.context.SpringBootTestContextBootstrapper=true}', contextCustomizers = set[org.springframework.boot.test.autoconfigure.actuate.metrics.MetricsExportContextCustomizerFactory$DisableMetricExportContextCustomizer@66153688, org.springframework.boot.test.autoconfigure.properties.PropertyMappingContextCustomizer@0, org.springframework.boot.test.autoconfigure.web.servlet.WebDriverContextCustomizerFactory$Customizer@6ff415ad, org.springframework.boot.test.context.filter.ExcludeFilterContextCustomizer@15e0fe05, org.springframework.boot.test.json.DuplicateJsonObjectContextCustomizerFactory$DuplicateJsonObjectContextCustomizer@5d1b9c3d, org.springframework.boot.test.mock.mockito.MockitoContextCustomizer@0, org.springframework.boot.test.web.client.TestRestTemplateContextCustomizer@6d2dc9d2, org.springframework.boot.test.context.SpringBootTestArgs@1, org.springframework.boot.test.context.SpringBootTestWebEnvironment@2c3dec30], resourceBasePath = 'src/main/webapp', contextLoader = 'org.springframework.boot.test.context.SpringBootContextLoader', parent = [null]], attributes = map['org.springframework.test.context.web.ServletTestExecutionListener.activateListener' -> true, 'org.springframework.test.context.web.ServletTestExecutionListener.populatedRequestContextHolder' -> true, 'org.springframework.test.context.web.ServletTestExecutionListener.resetRequestContextHolder' -> true, 'org.springframework.test.context.event.ApplicationEventsTestExecutionListener.recordApplicationEvents' -> false]]; transaction manager [org.springframework.jdbc.support.JdbcTransactionManager@1b0cefc8]; rollback [true]
Creating a new SqlSession
Registering transaction synchronization for SqlSession [org.apache.ibatis.session.defaults.DefaultSqlSession@6025a000]
JDBC Connection [HikariProxyConnection@392431380 wrapping com.mysql.cj.jdbc.ConnectionImpl@41d72593] will be managed by Spring
==>  Preparing: INSERT INTO car ( id, brand, model, status ) VALUES ( ?, ?, ?, ? )
==> Parameters: 1000(Long), test(String), test(String), 0(Integer)
<==    Updates: 1
Releasing transactional SqlSession [org.apache.ibatis.session.defaults.DefaultSqlSession@6025a000]
Fetched SqlSession [org.apache.ibatis.session.defaults.DefaultSqlSession@6025a000] from current transaction
==>  Preparing: INSERT INTO booking ( user_id, car_id, start_time, end_time ) VALUES ( ?, ?, ?, ? )
==> Parameters: 1(Long), 1000(Long), 2023-02-26T03:08:14.986419(LocalDateTime), 2023-02-26T10:08:14.986419(LocalDateTime)
<==    Updates: 1
Releasing transactional SqlSession [org.apache.ibatis.session.defaults.DefaultSqlSession@6025a000]
Fetched SqlSession [org.apache.ibatis.session.defaults.DefaultSqlSession@6025a000] from current transaction
==>  Preparing: SELECT count(1) FROM rental_car.booking b WHERE b.car_id = ? AND (? < b.start_time AND ? > b.start_time) + (SELECT count(1) FROM rental_car.booking b WHERE b.car_id = ? AND (? < b.end_time AND ? > b.end_time)) + (SELECT count(1) FROM rental_car.booking b WHERE b.car_id = ? AND (? >= b.start_time AND ? <= b.end_time))
==> Parameters: 1000(Long), 2023-02-26T04:08:14.986419(LocalDateTime), 2023-02-26T11:08:14.986419(LocalDateTime), 1000(Long), 2023-02-26T04:08:14.986419(LocalDateTime), 2023-02-26T11:08:14.986419(LocalDateTime), 1000(Long), 2023-02-26T04:08:14.986419(LocalDateTime), 2023-02-26T11:08:14.986419(LocalDateTime)
<==    Columns: count(1)
<==        Row: 1
<==      Total: 1
Releasing transactional SqlSession [org.apache.ibatis.session.defaults.DefaultSqlSession@6025a000]
Transaction synchronization deregistering SqlSession [org.apache.ibatis.session.defaults.DefaultSqlSession@6025a000]
Transaction synchronization closing SqlSession [org.apache.ibatis.session.defaults.DefaultSqlSession@6025a000]
2023-02-26 00:08:15.099  INFO 86263 --- [    Test worker] o.s.t.c.transaction.TransactionContext   : Rolled back transaction for test: [DefaultTestContext@2721044 testClass = BookingServiceTest, testInstance = com.siming.demo.service.BookingServiceTest@613da64b, testMethod = bookingCarFail@BookingServiceTest, testException = [null], mergedContextConfiguration = [WebMergedContextConfiguration@205df5dc testClass = BookingServiceTest, locations = '{}', classes = '{class com.siming.demo.RentalCarApplication}', contextInitializerClasses = '[]', activeProfiles = '{}', propertySourceLocations = '{}', propertySourceProperties = '{org.springframework.boot.test.context.SpringBootTestContextBootstrapper=true}', contextCustomizers = set[org.springframework.boot.test.autoconfigure.actuate.metrics.MetricsExportContextCustomizerFactory$DisableMetricExportContextCustomizer@66153688, org.springframework.boot.test.autoconfigure.properties.PropertyMappingContextCustomizer@0, org.springframework.boot.test.autoconfigure.web.servlet.WebDriverContextCustomizerFactory$Customizer@6ff415ad, org.springframework.boot.test.context.filter.ExcludeFilterContextCustomizer@15e0fe05, org.springframework.boot.test.json.DuplicateJsonObjectContextCustomizerFactory$DuplicateJsonObjectContextCustomizer@5d1b9c3d, org.springframework.boot.test.mock.mockito.MockitoContextCustomizer@0, org.springframework.boot.test.web.client.TestRestTemplateContextCustomizer@6d2dc9d2, org.springframework.boot.test.context.SpringBootTestArgs@1, org.springframework.boot.test.context.SpringBootTestWebEnvironment@2c3dec30], resourceBasePath = 'src/main/webapp', contextLoader = 'org.springframework.boot.test.context.SpringBootContextLoader', parent = [null]], attributes = map['org.springframework.test.context.web.ServletTestExecutionListener.activateListener' -> true, 'org.springframework.test.context.web.ServletTestExecutionListener.populatedRequestContextHolder' -> true, 'org.springframework.test.context.web.ServletTestExecutionListener.resetRequestContextHolder' -> true, 'org.springframework.test.context.event.ApplicationEventsTestExecutionListener.recordApplicationEvents' -> false]]
2023-02-26 00:08:15.104  INFO 86263 --- [    Test worker] o.s.t.c.transaction.TransactionContext   : Began transaction (1) for test context [DefaultTestContext@2721044 testClass = BookingServiceTest, testInstance = com.siming.demo.service.BookingServiceTest@6e5aeedf, testMethod = bookingCarFail@BookingServiceTest, testException = [null], mergedContextConfiguration = [WebMergedContextConfiguration@205df5dc testClass = BookingServiceTest, locations = '{}', classes = '{class com.siming.demo.RentalCarApplication}', contextInitializerClasses = '[]', activeProfiles = '{}', propertySourceLocations = '{}', propertySourceProperties = '{org.springframework.boot.test.context.SpringBootTestContextBootstrapper=true}', contextCustomizers = set[org.springframework.boot.test.autoconfigure.actuate.metrics.MetricsExportContextCustomizerFactory$DisableMetricExportContextCustomizer@66153688, org.springframework.boot.test.autoconfigure.properties.PropertyMappingContextCustomizer@0, org.springframework.boot.test.autoconfigure.web.servlet.WebDriverContextCustomizerFactory$Customizer@6ff415ad, org.springframework.boot.test.context.filter.ExcludeFilterContextCustomizer@15e0fe05, org.springframework.boot.test.json.DuplicateJsonObjectContextCustomizerFactory$DuplicateJsonObjectContextCustomizer@5d1b9c3d, org.springframework.boot.test.mock.mockito.MockitoContextCustomizer@0, org.springframework.boot.test.web.client.TestRestTemplateContextCustomizer@6d2dc9d2, org.springframework.boot.test.context.SpringBootTestArgs@1, org.springframework.boot.test.context.SpringBootTestWebEnvironment@2c3dec30], resourceBasePath = 'src/main/webapp', contextLoader = 'org.springframework.boot.test.context.SpringBootContextLoader', parent = [null]], attributes = map['org.springframework.test.context.web.ServletTestExecutionListener.activateListener' -> true, 'org.springframework.test.context.web.ServletTestExecutionListener.populatedRequestContextHolder' -> true, 'org.springframework.test.context.web.ServletTestExecutionListener.resetRequestContextHolder' -> true, 'org.springframework.test.context.event.ApplicationEventsTestExecutionListener.recordApplicationEvents' -> false]]; transaction manager [org.springframework.jdbc.support.JdbcTransactionManager@1b0cefc8]; rollback [true]
Creating a new SqlSession
Registering transaction synchronization for SqlSession [org.apache.ibatis.session.defaults.DefaultSqlSession@5f3ecc1c]
JDBC Connection [HikariProxyConnection@1537556645 wrapping com.mysql.cj.jdbc.ConnectionImpl@41d72593] will be managed by Spring
==>  Preparing: INSERT INTO car ( id, brand, model, status ) VALUES ( ?, ?, ?, ? )
==> Parameters: 1000(Long), test(String), test(String), 0(Integer)
<==    Updates: 1
Releasing transactional SqlSession [org.apache.ibatis.session.defaults.DefaultSqlSession@5f3ecc1c]
Fetched SqlSession [org.apache.ibatis.session.defaults.DefaultSqlSession@5f3ecc1c] from current transaction
==>  Preparing: INSERT INTO booking ( user_id, car_id, start_time, end_time ) VALUES ( ?, ?, ?, ? )
==> Parameters: 1(Long), 1000(Long), 2023-02-26T03:08:15.105505(LocalDateTime), 2023-02-26T10:08:15.105505(LocalDateTime)
<==    Updates: 1
Releasing transactional SqlSession [org.apache.ibatis.session.defaults.DefaultSqlSession@5f3ecc1c]
Fetched SqlSession [org.apache.ibatis.session.defaults.DefaultSqlSession@5f3ecc1c] from current transaction
==>  Preparing: SELECT count(1) FROM rental_car.booking b WHERE b.car_id = ? AND (? < b.start_time AND ? > b.start_time) + (SELECT count(1) FROM rental_car.booking b WHERE b.car_id = ? AND (? < b.end_time AND ? > b.end_time)) + (SELECT count(1) FROM rental_car.booking b WHERE b.car_id = ? AND (? >= b.start_time AND ? <= b.end_time))
==> Parameters: 1000(Long), 2023-02-26T04:08:15.105505(LocalDateTime), 2023-02-26T09:08:15.105505(LocalDateTime), 1000(Long), 2023-02-26T04:08:15.105505(LocalDateTime), 2023-02-26T09:08:15.105505(LocalDateTime), 1000(Long), 2023-02-26T04:08:15.105505(LocalDateTime), 2023-02-26T09:08:15.105505(LocalDateTime)
<==    Columns: count(1)
<==        Row: 1
<==      Total: 1
Releasing transactional SqlSession [org.apache.ibatis.session.defaults.DefaultSqlSession@5f3ecc1c]
Transaction synchronization deregistering SqlSession [org.apache.ibatis.session.defaults.DefaultSqlSession@5f3ecc1c]
Transaction synchronization closing SqlSession [org.apache.ibatis.session.defaults.DefaultSqlSession@5f3ecc1c]
2023-02-26 00:08:15.117  INFO 86263 --- [    Test worker] o.s.t.c.transaction.TransactionContext   : Rolled back transaction for test: [DefaultTestContext@2721044 testClass = BookingServiceTest, testInstance = com.siming.demo.service.BookingServiceTest@6e5aeedf, testMethod = bookingCarFail@BookingServiceTest, testException = [null], mergedContextConfiguration = [WebMergedContextConfiguration@205df5dc testClass = BookingServiceTest, locations = '{}', classes = '{class com.siming.demo.RentalCarApplication}', contextInitializerClasses = '[]', activeProfiles = '{}', propertySourceLocations = '{}', propertySourceProperties = '{org.springframework.boot.test.context.SpringBootTestContextBootstrapper=true}', contextCustomizers = set[org.springframework.boot.test.autoconfigure.actuate.metrics.MetricsExportContextCustomizerFactory$DisableMetricExportContextCustomizer@66153688, org.springframework.boot.test.autoconfigure.properties.PropertyMappingContextCustomizer@0, org.springframework.boot.test.autoconfigure.web.servlet.WebDriverContextCustomizerFactory$Customizer@6ff415ad, org.springframework.boot.test.context.filter.ExcludeFilterContextCustomizer@15e0fe05, org.springframework.boot.test.json.DuplicateJsonObjectContextCustomizerFactory$DuplicateJsonObjectContextCustomizer@5d1b9c3d, org.springframework.boot.test.mock.mockito.MockitoContextCustomizer@0, org.springframework.boot.test.web.client.TestRestTemplateContextCustomizer@6d2dc9d2, org.springframework.boot.test.context.SpringBootTestArgs@1, org.springframework.boot.test.context.SpringBootTestWebEnvironment@2c3dec30], resourceBasePath = 'src/main/webapp', contextLoader = 'org.springframework.boot.test.context.SpringBootContextLoader', parent = [null]], attributes = map['org.springframework.test.context.web.ServletTestExecutionListener.activateListener' -> true, 'org.springframework.test.context.web.ServletTestExecutionListener.populatedRequestContextHolder' -> true, 'org.springframework.test.context.web.ServletTestExecutionListener.resetRequestContextHolder' -> true, 'org.springframework.test.context.event.ApplicationEventsTestExecutionListener.recordApplicationEvents' -> false]]
2023-02-26 00:08:15.119  INFO 86263 --- [    Test worker] o.s.t.c.transaction.TransactionContext   : Began transaction (1) for test context [DefaultTestContext@2721044 testClass = BookingServiceTest, testInstance = com.siming.demo.service.BookingServiceTest@514b88b7, testMethod = bookingCarFail@BookingServiceTest, testException = [null], mergedContextConfiguration = [WebMergedContextConfiguration@205df5dc testClass = BookingServiceTest, locations = '{}', classes = '{class com.siming.demo.RentalCarApplication}', contextInitializerClasses = '[]', activeProfiles = '{}', propertySourceLocations = '{}', propertySourceProperties = '{org.springframework.boot.test.context.SpringBootTestContextBootstrapper=true}', contextCustomizers = set[org.springframework.boot.test.autoconfigure.actuate.metrics.MetricsExportContextCustomizerFactory$DisableMetricExportContextCustomizer@66153688, org.springframework.boot.test.autoconfigure.properties.PropertyMappingContextCustomizer@0, org.springframework.boot.test.autoconfigure.web.servlet.WebDriverContextCustomizerFactory$Customizer@6ff415ad, org.springframework.boot.test.context.filter.ExcludeFilterContextCustomizer@15e0fe05, org.springframework.boot.test.json.DuplicateJsonObjectContextCustomizerFactory$DuplicateJsonObjectContextCustomizer@5d1b9c3d, org.springframework.boot.test.mock.mockito.MockitoContextCustomizer@0, org.springframework.boot.test.web.client.TestRestTemplateContextCustomizer@6d2dc9d2, org.springframework.boot.test.context.SpringBootTestArgs@1, org.springframework.boot.test.context.SpringBootTestWebEnvironment@2c3dec30], resourceBasePath = 'src/main/webapp', contextLoader = 'org.springframework.boot.test.context.SpringBootContextLoader', parent = [null]], attributes = map['org.springframework.test.context.web.ServletTestExecutionListener.activateListener' -> true, 'org.springframework.test.context.web.ServletTestExecutionListener.populatedRequestContextHolder' -> true, 'org.springframework.test.context.web.ServletTestExecutionListener.resetRequestContextHolder' -> true, 'org.springframework.test.context.event.ApplicationEventsTestExecutionListener.recordApplicationEvents' -> false]]; transaction manager [org.springframework.jdbc.support.JdbcTransactionManager@1b0cefc8]; rollback [true]
Creating a new SqlSession
Registering transaction synchronization for SqlSession [org.apache.ibatis.session.defaults.DefaultSqlSession@3905b66]
JDBC Connection [HikariProxyConnection@720242837 wrapping com.mysql.cj.jdbc.ConnectionImpl@41d72593] will be managed by Spring
==>  Preparing: INSERT INTO car ( id, brand, model, status ) VALUES ( ?, ?, ?, ? )
==> Parameters: 1000(Long), test(String), test(String), 0(Integer)
<==    Updates: 1
Releasing transactional SqlSession [org.apache.ibatis.session.defaults.DefaultSqlSession@3905b66]
Fetched SqlSession [org.apache.ibatis.session.defaults.DefaultSqlSession@3905b66] from current transaction
==>  Preparing: INSERT INTO booking ( user_id, car_id, start_time, end_time ) VALUES ( ?, ?, ?, ? )
==> Parameters: 1(Long), 1000(Long), 2023-02-26T03:08:15.120104(LocalDateTime), 2023-02-26T10:08:15.120104(LocalDateTime)
<==    Updates: 1
Releasing transactional SqlSession [org.apache.ibatis.session.defaults.DefaultSqlSession@3905b66]
Fetched SqlSession [org.apache.ibatis.session.defaults.DefaultSqlSession@3905b66] from current transaction
==>  Preparing: SELECT count(1) FROM rental_car.booking b WHERE b.car_id = ? AND (? < b.start_time AND ? > b.start_time) + (SELECT count(1) FROM rental_car.booking b WHERE b.car_id = ? AND (? < b.end_time AND ? > b.end_time)) + (SELECT count(1) FROM rental_car.booking b WHERE b.car_id = ? AND (? >= b.start_time AND ? <= b.end_time))
==> Parameters: 1000(Long), 2023-02-26T02:08:15.120104(LocalDateTime), 2023-02-26T05:08:15.120104(LocalDateTime), 1000(Long), 2023-02-26T02:08:15.120104(LocalDateTime), 2023-02-26T05:08:15.120104(LocalDateTime), 1000(Long), 2023-02-26T02:08:15.120104(LocalDateTime), 2023-02-26T05:08:15.120104(LocalDateTime)
<==    Columns: count(1)
<==        Row: 1
<==      Total: 1
Releasing transactional SqlSession [org.apache.ibatis.session.defaults.DefaultSqlSession@3905b66]
Transaction synchronization deregistering SqlSession [org.apache.ibatis.session.defaults.DefaultSqlSession@3905b66]
Transaction synchronization closing SqlSession [org.apache.ibatis.session.defaults.DefaultSqlSession@3905b66]
2023-02-26 00:08:15.130  INFO 86263 --- [    Test worker] o.s.t.c.transaction.TransactionContext   : Rolled back transaction for test: [DefaultTestContext@2721044 testClass = BookingServiceTest, testInstance = com.siming.demo.service.BookingServiceTest@514b88b7, testMethod = bookingCarFail@BookingServiceTest, testException = [null], mergedContextConfiguration = [WebMergedContextConfiguration@205df5dc testClass = BookingServiceTest, locations = '{}', classes = '{class com.siming.demo.RentalCarApplication}', contextInitializerClasses = '[]', activeProfiles = '{}', propertySourceLocations = '{}', propertySourceProperties = '{org.springframework.boot.test.context.SpringBootTestContextBootstrapper=true}', contextCustomizers = set[org.springframework.boot.test.autoconfigure.actuate.metrics.MetricsExportContextCustomizerFactory$DisableMetricExportContextCustomizer@66153688, org.springframework.boot.test.autoconfigure.properties.PropertyMappingContextCustomizer@0, org.springframework.boot.test.autoconfigure.web.servlet.WebDriverContextCustomizerFactory$Customizer@6ff415ad, org.springframework.boot.test.context.filter.ExcludeFilterContextCustomizer@15e0fe05, org.springframework.boot.test.json.DuplicateJsonObjectContextCustomizerFactory$DuplicateJsonObjectContextCustomizer@5d1b9c3d, org.springframework.boot.test.mock.mockito.MockitoContextCustomizer@0, org.springframework.boot.test.web.client.TestRestTemplateContextCustomizer@6d2dc9d2, org.springframework.boot.test.context.SpringBootTestArgs@1, org.springframework.boot.test.context.SpringBootTestWebEnvironment@2c3dec30], resourceBasePath = 'src/main/webapp', contextLoader = 'org.springframework.boot.test.context.SpringBootContextLoader', parent = [null]], attributes = map['org.springframework.test.context.web.ServletTestExecutionListener.activateListener' -> true, 'org.springframework.test.context.web.ServletTestExecutionListener.populatedRequestContextHolder' -> true, 'org.springframework.test.context.web.ServletTestExecutionListener.resetRequestContextHolder' -> true, 'org.springframework.test.context.event.ApplicationEventsTestExecutionListener.recordApplicationEvents' -> false]]
2023-02-26 00:08:15.133  INFO 86263 --- [    Test worker] o.s.t.c.transaction.TransactionContext   : Began transaction (1) for test context [DefaultTestContext@2721044 testClass = BookingServiceTest, testInstance = com.siming.demo.service.BookingServiceTest@5fb65b3a, testMethod = bookingCar@BookingServiceTest, testException = [null], mergedContextConfiguration = [WebMergedContextConfiguration@205df5dc testClass = BookingServiceTest, locations = '{}', classes = '{class com.siming.demo.RentalCarApplication}', contextInitializerClasses = '[]', activeProfiles = '{}', propertySourceLocations = '{}', propertySourceProperties = '{org.springframework.boot.test.context.SpringBootTestContextBootstrapper=true}', contextCustomizers = set[org.springframework.boot.test.autoconfigure.actuate.metrics.MetricsExportContextCustomizerFactory$DisableMetricExportContextCustomizer@66153688, org.springframework.boot.test.autoconfigure.properties.PropertyMappingContextCustomizer@0, org.springframework.boot.test.autoconfigure.web.servlet.WebDriverContextCustomizerFactory$Customizer@6ff415ad, org.springframework.boot.test.context.filter.ExcludeFilterContextCustomizer@15e0fe05, org.springframework.boot.test.json.DuplicateJsonObjectContextCustomizerFactory$DuplicateJsonObjectContextCustomizer@5d1b9c3d, org.springframework.boot.test.mock.mockito.MockitoContextCustomizer@0, org.springframework.boot.test.web.client.TestRestTemplateContextCustomizer@6d2dc9d2, org.springframework.boot.test.context.SpringBootTestArgs@1, org.springframework.boot.test.context.SpringBootTestWebEnvironment@2c3dec30], resourceBasePath = 'src/main/webapp', contextLoader = 'org.springframework.boot.test.context.SpringBootContextLoader', parent = [null]], attributes = map['org.springframework.test.context.web.ServletTestExecutionListener.activateListener' -> true, 'org.springframework.test.context.web.ServletTestExecutionListener.populatedRequestContextHolder' -> true, 'org.springframework.test.context.web.ServletTestExecutionListener.resetRequestContextHolder' -> true, 'org.springframework.test.context.event.ApplicationEventsTestExecutionListener.recordApplicationEvents' -> false]]; transaction manager [org.springframework.jdbc.support.JdbcTransactionManager@1b0cefc8]; rollback [true]
Creating a new SqlSession
Registering transaction synchronization for SqlSession [org.apache.ibatis.session.defaults.DefaultSqlSession@69eb72bf]
JDBC Connection [HikariProxyConnection@364941709 wrapping com.mysql.cj.jdbc.ConnectionImpl@41d72593] will be managed by Spring
==>  Preparing: INSERT INTO car ( id, brand, model, status ) VALUES ( ?, ?, ?, ? )
==> Parameters: 1000(Long), test(String), test(String), 0(Integer)
<==    Updates: 1
Releasing transactional SqlSession [org.apache.ibatis.session.defaults.DefaultSqlSession@69eb72bf]
Fetched SqlSession [org.apache.ibatis.session.defaults.DefaultSqlSession@69eb72bf] from current transaction
==>  Preparing: SELECT count(1) FROM rental_car.booking b WHERE b.car_id = ? AND (? < b.start_time AND ? > b.start_time) + (SELECT count(1) FROM rental_car.booking b WHERE b.car_id = ? AND (? < b.end_time AND ? > b.end_time)) + (SELECT count(1) FROM rental_car.booking b WHERE b.car_id = ? AND (? >= b.start_time AND ? <= b.end_time))
==> Parameters: 1000(Long), 2023-02-26T01:08:15.136570(LocalDateTime), 2023-02-26T02:08:15.136570(LocalDateTime), 1000(Long), 2023-02-26T01:08:15.136570(LocalDateTime), 2023-02-26T02:08:15.136570(LocalDateTime), 1000(Long), 2023-02-26T01:08:15.136570(LocalDateTime), 2023-02-26T02:08:15.136570(LocalDateTime)
<==    Columns: count(1)
<==        Row: 0
<==      Total: 1
Releasing transactional SqlSession [org.apache.ibatis.session.defaults.DefaultSqlSession@69eb72bf]
Fetched SqlSession [org.apache.ibatis.session.defaults.DefaultSqlSession@69eb72bf] from current transaction
==>  Preparing: INSERT INTO booking ( user_id, car_id, start_time, end_time ) VALUES ( ?, ?, ?, ? )
==> Parameters: 1(Long), 1000(Long), 2023-02-26T01:08:15.136570(LocalDateTime), 2023-02-26T02:08:15.136570(LocalDateTime)
<==    Updates: 1
Releasing transactional SqlSession [org.apache.ibatis.session.defaults.DefaultSqlSession@69eb72bf]
Transaction synchronization deregistering SqlSession [org.apache.ibatis.session.defaults.DefaultSqlSession@69eb72bf]
Transaction synchronization closing SqlSession [org.apache.ibatis.session.defaults.DefaultSqlSession@69eb72bf]
2023-02-26 00:08:15.144  INFO 86263 --- [    Test worker] o.s.t.c.transaction.TransactionContext   : Rolled back transaction for test: [DefaultTestContext@2721044 testClass = BookingServiceTest, testInstance = com.siming.demo.service.BookingServiceTest@5fb65b3a, testMethod = bookingCar@BookingServiceTest, testException = [null], mergedContextConfiguration = [WebMergedContextConfiguration@205df5dc testClass = BookingServiceTest, locations = '{}', classes = '{class com.siming.demo.RentalCarApplication}', contextInitializerClasses = '[]', activeProfiles = '{}', propertySourceLocations = '{}', propertySourceProperties = '{org.springframework.boot.test.context.SpringBootTestContextBootstrapper=true}', contextCustomizers = set[org.springframework.boot.test.autoconfigure.actuate.metrics.MetricsExportContextCustomizerFactory$DisableMetricExportContextCustomizer@66153688, org.springframework.boot.test.autoconfigure.properties.PropertyMappingContextCustomizer@0, org.springframework.boot.test.autoconfigure.web.servlet.WebDriverContextCustomizerFactory$Customizer@6ff415ad, org.springframework.boot.test.context.filter.ExcludeFilterContextCustomizer@15e0fe05, org.springframework.boot.test.json.DuplicateJsonObjectContextCustomizerFactory$DuplicateJsonObjectContextCustomizer@5d1b9c3d, org.springframework.boot.test.mock.mockito.MockitoContextCustomizer@0, org.springframework.boot.test.web.client.TestRestTemplateContextCustomizer@6d2dc9d2, org.springframework.boot.test.context.SpringBootTestArgs@1, org.springframework.boot.test.context.SpringBootTestWebEnvironment@2c3dec30], resourceBasePath = 'src/main/webapp', contextLoader = 'org.springframework.boot.test.context.SpringBootContextLoader', parent = [null]], attributes = map['org.springframework.test.context.web.ServletTestExecutionListener.activateListener' -> true, 'org.springframework.test.context.web.ServletTestExecutionListener.populatedRequestContextHolder' -> true, 'org.springframework.test.context.web.ServletTestExecutionListener.resetRequestContextHolder' -> true, 'org.springframework.test.context.event.ApplicationEventsTestExecutionListener.recordApplicationEvents' -> false]]
2023-02-26 00:08:15.146  INFO 86263 --- [    Test worker] o.s.t.c.transaction.TransactionContext   : Began transaction (1) for test context [DefaultTestContext@2721044 testClass = BookingServiceTest, testInstance = com.siming.demo.service.BookingServiceTest@4b26a938, testMethod = bookingCarSuccess@BookingServiceTest, testException = [null], mergedContextConfiguration = [WebMergedContextConfiguration@205df5dc testClass = BookingServiceTest, locations = '{}', classes = '{class com.siming.demo.RentalCarApplication}', contextInitializerClasses = '[]', activeProfiles = '{}', propertySourceLocations = '{}', propertySourceProperties = '{org.springframework.boot.test.context.SpringBootTestContextBootstrapper=true}', contextCustomizers = set[org.springframework.boot.test.autoconfigure.actuate.metrics.MetricsExportContextCustomizerFactory$DisableMetricExportContextCustomizer@66153688, org.springframework.boot.test.autoconfigure.properties.PropertyMappingContextCustomizer@0, org.springframework.boot.test.autoconfigure.web.servlet.WebDriverContextCustomizerFactory$Customizer@6ff415ad, org.springframework.boot.test.context.filter.ExcludeFilterContextCustomizer@15e0fe05, org.springframework.boot.test.json.DuplicateJsonObjectContextCustomizerFactory$DuplicateJsonObjectContextCustomizer@5d1b9c3d, org.springframework.boot.test.mock.mockito.MockitoContextCustomizer@0, org.springframework.boot.test.web.client.TestRestTemplateContextCustomizer@6d2dc9d2, org.springframework.boot.test.context.SpringBootTestArgs@1, org.springframework.boot.test.context.SpringBootTestWebEnvironment@2c3dec30], resourceBasePath = 'src/main/webapp', contextLoader = 'org.springframework.boot.test.context.SpringBootContextLoader', parent = [null]], attributes = map['org.springframework.test.context.web.ServletTestExecutionListener.activateListener' -> true, 'org.springframework.test.context.web.ServletTestExecutionListener.populatedRequestContextHolder' -> true, 'org.springframework.test.context.web.ServletTestExecutionListener.resetRequestContextHolder' -> true, 'org.springframework.test.context.event.ApplicationEventsTestExecutionListener.recordApplicationEvents' -> false]]; transaction manager [org.springframework.jdbc.support.JdbcTransactionManager@1b0cefc8]; rollback [true]
Creating a new SqlSession
Registering transaction synchronization for SqlSession [org.apache.ibatis.session.defaults.DefaultSqlSession@3d4bc978]
JDBC Connection [HikariProxyConnection@1804582612 wrapping com.mysql.cj.jdbc.ConnectionImpl@41d72593] will be managed by Spring
==>  Preparing: INSERT INTO car ( id, brand, model, status ) VALUES ( ?, ?, ?, ? )
==> Parameters: 1000(Long), test(String), test(String), 0(Integer)
<==    Updates: 1
Releasing transactional SqlSession [org.apache.ibatis.session.defaults.DefaultSqlSession@3d4bc978]
Fetched SqlSession [org.apache.ibatis.session.defaults.DefaultSqlSession@3d4bc978] from current transaction
==>  Preparing: INSERT INTO booking ( user_id, car_id, start_time, end_time ) VALUES ( ?, ?, ?, ? )
==> Parameters: 1(Long), 1000(Long), 2023-02-25T21:08:15.146511(LocalDateTime), 2023-02-25T23:08:15.146511(LocalDateTime)
<==    Updates: 1
Releasing transactional SqlSession [org.apache.ibatis.session.defaults.DefaultSqlSession@3d4bc978]
Fetched SqlSession [org.apache.ibatis.session.defaults.DefaultSqlSession@3d4bc978] from current transaction
==>  Preparing: SELECT count(1) FROM rental_car.booking b WHERE b.car_id = ? AND (? < b.start_time AND ? > b.start_time) + (SELECT count(1) FROM rental_car.booking b WHERE b.car_id = ? AND (? < b.end_time AND ? > b.end_time)) + (SELECT count(1) FROM rental_car.booking b WHERE b.car_id = ? AND (? >= b.start_time AND ? <= b.end_time))
==> Parameters: 1000(Long), 2023-02-26T01:08:15.146511(LocalDateTime), 2023-02-26T02:08:15.146511(LocalDateTime), 1000(Long), 2023-02-26T01:08:15.146511(LocalDateTime), 2023-02-26T02:08:15.146511(LocalDateTime), 1000(Long), 2023-02-26T01:08:15.146511(LocalDateTime), 2023-02-26T02:08:15.146511(LocalDateTime)
<==    Columns: count(1)
<==        Row: 0
<==      Total: 1
Releasing transactional SqlSession [org.apache.ibatis.session.defaults.DefaultSqlSession@3d4bc978]
Fetched SqlSession [org.apache.ibatis.session.defaults.DefaultSqlSession@3d4bc978] from current transaction
==>  Preparing: INSERT INTO booking ( user_id, car_id, start_time, end_time ) VALUES ( ?, ?, ?, ? )
==> Parameters: 1(Long), 1000(Long), 2023-02-26T01:08:15.146511(LocalDateTime), 2023-02-26T02:08:15.146511(LocalDateTime)
<==    Updates: 1
Releasing transactional SqlSession [org.apache.ibatis.session.defaults.DefaultSqlSession@3d4bc978]
Transaction synchronization deregistering SqlSession [org.apache.ibatis.session.defaults.DefaultSqlSession@3d4bc978]
Transaction synchronization closing SqlSession [org.apache.ibatis.session.defaults.DefaultSqlSession@3d4bc978]
2023-02-26 00:08:15.161  INFO 86263 --- [    Test worker] o.s.t.c.transaction.TransactionContext   : Rolled back transaction for test: [DefaultTestContext@2721044 testClass = BookingServiceTest, testInstance = com.siming.demo.service.BookingServiceTest@4b26a938, testMethod = bookingCarSuccess@BookingServiceTest, testException = [null], mergedContextConfiguration = [WebMergedContextConfiguration@205df5dc testClass = BookingServiceTest, locations = '{}', classes = '{class com.siming.demo.RentalCarApplication}', contextInitializerClasses = '[]', activeProfiles = '{}', propertySourceLocations = '{}', propertySourceProperties = '{org.springframework.boot.test.context.SpringBootTestContextBootstrapper=true}', contextCustomizers = set[org.springframework.boot.test.autoconfigure.actuate.metrics.MetricsExportContextCustomizerFactory$DisableMetricExportContextCustomizer@66153688, org.springframework.boot.test.autoconfigure.properties.PropertyMappingContextCustomizer@0, org.springframework.boot.test.autoconfigure.web.servlet.WebDriverContextCustomizerFactory$Customizer@6ff415ad, org.springframework.boot.test.context.filter.ExcludeFilterContextCustomizer@15e0fe05, org.springframework.boot.test.json.DuplicateJsonObjectContextCustomizerFactory$DuplicateJsonObjectContextCustomizer@5d1b9c3d, org.springframework.boot.test.mock.mockito.MockitoContextCustomizer@0, org.springframework.boot.test.web.client.TestRestTemplateContextCustomizer@6d2dc9d2, org.springframework.boot.test.context.SpringBootTestArgs@1, org.springframework.boot.test.context.SpringBootTestWebEnvironment@2c3dec30], resourceBasePath = 'src/main/webapp', contextLoader = 'org.springframework.boot.test.context.SpringBootContextLoader', parent = [null]], attributes = map['org.springframework.test.context.web.ServletTestExecutionListener.activateListener' -> true, 'org.springframework.test.context.web.ServletTestExecutionListener.populatedRequestContextHolder' -> true, 'org.springframework.test.context.web.ServletTestExecutionListener.resetRequestContextHolder' -> true, 'org.springframework.test.context.event.ApplicationEventsTestExecutionListener.recordApplicationEvents' -> false]]
]]></system-out>
  <system-err><![CDATA[]]></system-err>
</testsuite>
